[16-03-2023 22:06:43] PayPal\Core\PayPalHttpConnection : INFO: POST https://api.paypal.com/v1/oauth2/token
[16-03-2023 22:06:43] PayPal\Core\PayPalHttpConnection : INFO: Response Status 	: 200
[16-03-2023 22:06:43] PayPal\Core\PayPalHttpConnection : INFO: POST https://api.paypal.com/v1/payment-experience/web-profiles/
[16-03-2023 22:06:44] PayPal\Core\PayPalHttpConnection : INFO: Response Status 	: 201
[16-03-2023 22:06:44] PayPal\Core\PayPalHttpConnection : INFO: POST https://api.paypal.com/v1/payments/payment
[16-03-2023 22:06:44] PayPal\Core\PayPalHttpConnection : INFO: Response Status 	: 201
[16-03-2023 22:12:04] PayPal\Core\PayPalHttpConnection : INFO: POST https://api.paypal.com/v1/oauth2/token
[16-03-2023 22:12:04] PayPal\Core\PayPalHttpConnection : INFO: Response Status 	: 200
[16-03-2023 22:12:04] PayPal\Core\PayPalHttpConnection : INFO: POST https://api.paypal.com/v1/payment-experience/web-profiles/
[16-03-2023 22:12:05] PayPal\Core\PayPalHttpConnection : INFO: Response Status 	: 201
[16-03-2023 22:12:05] PayPal\Core\PayPalHttpConnection : INFO: POST https://api.paypal.com/v1/payments/payment
[16-03-2023 22:12:05] PayPal\Core\PayPalHttpConnection : INFO: Response Status 	: 201
[16-03-2023 22:12:40] PayPal\Core\PayPalHttpConnection : INFO: POST https://api.paypal.com/v1/oauth2/token
[16-03-2023 22:12:40] PayPal\Core\PayPalHttpConnection : INFO: Response Status 	: 200
[16-03-2023 22:12:40] PayPal\Core\PayPalHttpConnection : INFO: POST https://api.paypal.com/v1/payment-experience/web-profiles/
[16-03-2023 22:12:40] PayPal\Core\PayPalHttpConnection : INFO: Response Status 	: 201
[16-03-2023 22:12:40] PayPal\Core\PayPalHttpConnection : INFO: POST https://api.paypal.com/v1/payments/payment
[16-03-2023 22:12:40] PayPal\Core\PayPalHttpConnection : INFO: Response Status 	: 201
[16-03-2023 22:15:02] PayPal\Core\PayPalHttpConnection : INFO: POST https://api.paypal.com/v1/oauth2/token
[16-03-2023 22:15:02] PayPal\Core\PayPalHttpConnection : INFO: Response Status 	: 200
[16-03-2023 22:15:02] PayPal\Core\PayPalHttpConnection : INFO: POST https://api.paypal.com/v1/payment-experience/web-profiles/
[16-03-2023 22:15:02] PayPal\Core\PayPalHttpConnection : INFO: Response Status 	: 201
[16-03-2023 22:15:02] PayPal\Core\PayPalHttpConnection : INFO: POST https://api.paypal.com/v1/payments/payment
[16-03-2023 22:15:02] PayPal\Core\PayPalHttpConnection : INFO: Response Status 	: 201
[16-03-2023 22:19:04] PayPal\Core\PayPalHttpConnection : INFO: POST https://api.paypal.com/v1/oauth2/token
[16-03-2023 22:19:04] PayPal\Core\PayPalHttpConnection : INFO: Response Status 	: 200
[16-03-2023 22:19:04] PayPal\Core\PayPalHttpConnection : INFO: POST https://api.paypal.com/v1/payment-experience/web-profiles/
[16-03-2023 22:19:05] PayPal\Core\PayPalHttpConnection : INFO: Response Status 	: 201
[16-03-2023 22:19:05] PayPal\Core\PayPalHttpConnection : INFO: POST https://api.paypal.com/v1/payments/payment
[16-03-2023 22:19:05] PayPal\Core\PayPalHttpConnection : INFO: Response Status 	: 201
[16-03-2023 22:22:59] PayPal\Core\PayPalHttpConnection : INFO: POST https://api.paypal.com/v1/oauth2/token
[16-03-2023 22:22:59] PayPal\Core\PayPalHttpConnection : INFO: Response Status 	: 401
[16-03-2023 22:22:59] PayPal\Core\PayPalHttpConnection : ERROR: Got Http response code 401 when accessing https://api.paypal.com/v1/oauth2/token. {"error":"invalid_client","error_description":"Client Authentication failed"}
[16-03-2023 22:23:01] PayPal\Core\PayPalHttpConnection : INFO: POST https://api.paypal.com/v1/oauth2/token
[16-03-2023 22:23:02] PayPal\Core\PayPalHttpConnection : INFO: Response Status 	: 401
[16-03-2023 22:23:02] PayPal\Core\PayPalHttpConnection : ERROR: Got Http response code 401 when accessing https://api.paypal.com/v1/oauth2/token. {"error":"invalid_client","error_description":"Client Authentication failed"}
[17-03-2023 00:18:47] PayPal\Core\PayPalHttpConnection : INFO: POST https://api.paypal.com/v1/oauth2/token
[17-03-2023 00:18:47] PayPal\Core\PayPalHttpConnection : INFO: Response Status 	: 200
[17-03-2023 00:18:47] PayPal\Core\PayPalHttpConnection : INFO: POST https://api.paypal.com/v1/payment-experience/web-profiles/
[17-03-2023 00:18:47] PayPal\Core\PayPalHttpConnection : INFO: Response Status 	: 201
[17-03-2023 00:18:47] PayPal\Core\PayPalHttpConnection : INFO: POST https://api.paypal.com/v1/payments/payment
[17-03-2023 00:18:48] PayPal\Core\PayPalHttpConnection : INFO: Response Status 	: 201
[17-03-2023 00:20:59] PayPal\Core\PayPalHttpConnection : INFO: POST https://api.paypal.com/v1/oauth2/token
[17-03-2023 00:21:00] PayPal\Core\PayPalHttpConnection : INFO: Response Status 	: 200
[17-03-2023 00:21:00] PayPal\Core\PayPalHttpConnection : INFO: POST https://api.paypal.com/v1/payment-experience/web-profiles/
[17-03-2023 00:21:00] PayPal\Core\PayPalHttpConnection : INFO: Response Status 	: 201
[17-03-2023 00:21:00] PayPal\Core\PayPalHttpConnection : INFO: POST https://api.paypal.com/v1/payments/payment
[17-03-2023 00:21:00] PayPal\Core\PayPalHttpConnection : INFO: Response Status 	: 201
[17-03-2023 00:22:06] PayPal\Core\PayPalHttpConnection : INFO: POST https://api.paypal.com/v1/oauth2/token
[17-03-2023 00:22:07] PayPal\Core\PayPalHttpConnection : INFO: Response Status 	: 200
[17-03-2023 00:22:07] PayPal\Core\PayPalHttpConnection : INFO: POST https://api.paypal.com/v1/payment-experience/web-profiles/
[17-03-2023 00:22:07] PayPal\Core\PayPalHttpConnection : INFO: Response Status 	: 201
[17-03-2023 00:22:07] PayPal\Core\PayPalHttpConnection : INFO: POST https://api.paypal.com/v1/payments/payment
[17-03-2023 00:22:08] PayPal\Core\PayPalHttpConnection : INFO: Response Status 	: 201
[17-03-2023 00:25:00] PayPal\Core\PayPalHttpConnection : INFO: POST https://api.paypal.com/v1/oauth2/token
[17-03-2023 00:25:00] PayPal\Core\PayPalHttpConnection : INFO: Response Status 	: 200
[17-03-2023 00:25:00] PayPal\Core\PayPalHttpConnection : INFO: POST https://api.paypal.com/v1/payment-experience/web-profiles/
[17-03-2023 00:25:00] PayPal\Core\PayPalHttpConnection : INFO: Response Status 	: 201
[17-03-2023 00:25:00] PayPal\Core\PayPalHttpConnection : INFO: POST https://api.paypal.com/v1/payments/payment
[17-03-2023 00:25:00] PayPal\Core\PayPalHttpConnection : INFO: Response Status 	: 201
[05-05-2023 16:07:44] PayPal\Core\PayPalHttpConnection : INFO: POST https://api.paypal.com/v1/oauth2/token
[05-05-2023 16:07:45] PayPal\Core\PayPalHttpConnection : INFO: Response Status 	: 200
[05-05-2023 16:07:45] PayPal\Core\PayPalHttpConnection : INFO: POST https://api.paypal.com/v1/payment-experience/web-profiles/
[05-05-2023 16:07:45] PayPal\Core\PayPalHttpConnection : INFO: Response Status 	: 201
[05-05-2023 16:07:45] PayPal\Core\PayPalHttpConnection : INFO: POST https://api.paypal.com/v1/payments/payment
[05-05-2023 16:07:46] PayPal\Core\PayPalHttpConnection : INFO: Response Status 	: 201
[25-03-2024 16:00:47] PayPal\Core\PayPalHttpConnection : INFO: POST https://api.paypal.com/v1/oauth2/token
[25-03-2024 16:00:47] PayPal\Core\PayPalHttpConnection : INFO: Response Status 	: 400
[25-03-2024 16:00:47] PayPal\Core\PayPalHttpConnection : ERROR: Got Http response code 400 when accessing https://api.paypal.com/v1/oauth2/token. {"error":"invalid_client","error_description":"Invalid account for relying party"}
[25-03-2024 16:01:09] PayPal\Core\PayPalHttpConnection : INFO: POST https://api.paypal.com/v1/oauth2/token
[25-03-2024 16:01:10] PayPal\Core\PayPalHttpConnection : INFO: Response Status 	: 400
[25-03-2024 16:01:10] PayPal\Core\PayPalHttpConnection : ERROR: Got Http response code 400 when accessing https://api.paypal.com/v1/oauth2/token. {"error":"invalid_client","error_description":"Invalid account for relying party"}
[25-03-2024 16:04:12] PayPal\Core\PayPalHttpConnection : INFO: POST https://api.paypal.com/v1/oauth2/token
[25-03-2024 16:04:12] PayPal\Core\PayPalHttpConnection : INFO: Response Status 	: 400
[25-03-2024 16:04:12] PayPal\Core\PayPalHttpConnection : ERROR: Got Http response code 400 when accessing https://api.paypal.com/v1/oauth2/token. {"error":"invalid_client","error_description":"Invalid account for relying party"}
[25-03-2024 16:04:52] PayPal\Core\PayPalHttpConnection : INFO: POST https://api.paypal.com/v1/oauth2/token
[25-03-2024 16:04:52] PayPal\Core\PayPalHttpConnection : INFO: Response Status 	: 400
[25-03-2024 16:04:52] PayPal\Core\PayPalHttpConnection : ERROR: Got Http response code 400 when accessing https://api.paypal.com/v1/oauth2/token. {"error":"invalid_client","error_description":"Invalid account for relying party"}
[25-03-2024 16:05:17] PayPal\Core\PayPalHttpConnection : INFO: POST https://api.paypal.com/v1/oauth2/token
[25-03-2024 16:05:17] PayPal\Core\PayPalHttpConnection : INFO: Response Status 	: 400
[25-03-2024 16:05:17] PayPal\Core\PayPalHttpConnection : ERROR: Got Http response code 400 when accessing https://api.paypal.com/v1/oauth2/token. {"error":"invalid_client","error_description":"Invalid account for relying party"}
